<?xml version="1.0" encoding="UTF-8"?>
<testng-results skipped="0" failed="0" ignored="0" total="2" passed="2">
  <reporter-output>
  </reporter-output>
  <suite name="MMTSuite" duration-ms="113091" started-at="2021-09-15T14:14:45 IST" finished-at="2021-09-15T14:16:38 IST">
    <groups>
      <group name="cucumber">
        <method signature="TestRunner.feature(cucumber.api.testng.CucumberFeatureWrapper)[pri:0, instance:com.qa.runner.TestRunner@7f811d00]" name="feature" class="com.qa.runner.TestRunner"/>
      </group> <!-- cucumber -->
    </groups>
    <test name="MMT Test" duration-ms="113091" started-at="2021-09-15T14:14:45 IST" finished-at="2021-09-15T14:16:38 IST">
      <class name="com.qa.runner.TestRunner">
        <test-method status="PASS" signature="setUpClass()[pri:0, instance:com.qa.runner.TestRunner@7f811d00]" name="setUpClass" is-config="true" duration-ms="283" started-at="2021-09-15T14:14:45 IST" finished-at="2021-09-15T14:14:45 IST">
          <reporter-output>
          </reporter-output>
        </test-method> <!-- setUpClass -->
        <test-method status="PASS" signature="feature(cucumber.api.testng.CucumberFeatureWrapper)[pri:0, instance:com.qa.runner.TestRunner@7f811d00]" name="feature" duration-ms="80438" started-at="2021-09-15T14:14:45 IST" description="Runs Cucumber Feature" data-provider="features" finished-at="2021-09-15T14:16:05 IST">
          <params>
            <param index="0">
              <value>
                <![CDATA[Search & Book a flight]]>
              </value>
            </param>
          </params>
          <reporter-output>
          </reporter-output>
        </test-method> <!-- feature -->
        <test-method status="PASS" signature="feature(cucumber.api.testng.CucumberFeatureWrapper)[pri:0, instance:com.qa.runner.TestRunner@7f811d00]" name="feature" duration-ms="32060" started-at="2021-09-15T14:16:06 IST" description="Runs Cucumber Feature" data-provider="features" finished-at="2021-09-15T14:16:38 IST">
          <params>
            <param index="0">
              <value>
                <![CDATA[Search Hotels in MakeMyTrip]]>
              </value>
            </param>
          </params>
          <reporter-output>
          </reporter-output>
        </test-method> <!-- feature -->
        <test-method status="PASS" signature="tearDownClass()[pri:0, instance:com.qa.runner.TestRunner@7f811d00]" name="tearDownClass" is-config="true" duration-ms="30" started-at="2021-09-15T14:16:38 IST" finished-at="2021-09-15T14:16:38 IST">
          <reporter-output>
          </reporter-output>
        </test-method> <!-- tearDownClass -->
      </class> <!-- com.qa.runner.TestRunner -->
    </test> <!-- MMT Test -->
  </suite> <!-- MMTSuite -->
</testng-results>
